Using pre-set license
Built from '2020.3/china_unity/release' branch; Version is '2020.3.2f1c1 (5fdc1e83a2fd) revision 6282270'; Using compiler version '192528614'; Build Type 'Release'
OS: 'Windows 10 Pro; OS build 19042.928; Version 2009; 64bit' Language: 'zh' Physical Memory: 8097 MB
BatchMode: 1, IsHumanControllingUs: 0, StartBugReporterOnCrash: 0, Is64bit: 1, IsPro: 0

 COMMAND LINE ARGUMENTS:
D:\U3D\2020.3.2f1c1\Editor\Unity.exe
-adb2
-batchMode
-noUpm
-name
AssetImportWorker0
-projectPath
D:/work/unity3d/FpsGameDemo/fps
-logFile
Logs/AssetImportWorker0.log
-srvPort
54263
Successfully changed project path to: D:/work/unity3d/FpsGameDemo/fps
D:/work/unity3d/FpsGameDemo/fps
Using Asset Import Pipeline V2.
Refreshing native plugins compatible for Editor in 287.16 ms, found 0 plugins.
Preloading 0 native plugins for Editor in 0.00 ms.
Initialize engine version: 2020.3.2f1c1 (5fdc1e83a2fd)
[Subsystems] Discovering subsystems at path D:/U3D/2020.3.2f1c1/Editor/Data/Resources/UnitySubsystems
[Subsystems] Discovering subsystems at path D:/work/unity3d/FpsGameDemo/fps/Assets
GfxDevice: creating device client; threaded=0
Direct3D:
    Version:  Direct3D 11.0 [level 11.1]
    Renderer: Intel(R) HD Graphics 5500 (ID=0x1616)
    Vendor:   
    VRAM:     4048 MB
    Driver:   20.19.15.4835
Initialize mono
Mono path[0] = 'D:/U3D/2020.3.2f1c1/Editor/Data/Managed'
Mono path[1] = 'D:/U3D/2020.3.2f1c1/Editor/Data/MonoBleedingEdge/lib/mono/unityjit'
Mono config path = 'D:/U3D/2020.3.2f1c1/Editor/Data/MonoBleedingEdge/etc'
Using monoOptions --debugger-agent=transport=dt_socket,embedding=1,server=y,suspend=n,address=127.0.0.1:56996
Begin MonoManager ReloadAssembly
Registering precompiled unity dll's ...
Register platform support module: D:/U3D/2020.3.2f1c1/Editor/Data/PlaybackEngines/WindowsStandaloneSupport/UnityEditor.WindowsStandalone.Extensions.dll
Registered in 0.004821 seconds.
Native extension for WindowsStandalone target not found
Refreshing native plugins compatible for Editor in 151.38 ms, found 0 plugins.
Preloading 0 native plugins for Editor in 0.00 ms.
Invoked RoslynAnalysisRunner static constructor.
RoslynAnalysisRunner will not be running.
RoslynAnalysisRunner has terminated.
Mono: successfully reloaded assembly
- Completed reload, in  9.056 seconds
Platform modules already initialized, skipping
Registering precompiled user dll's ...
Registered in 0.002466 seconds.
