Using pre-set license
Built from '2020.3/china_unity/release' branch; Version is '2020.3.2f1c1 (5fdc1e83a2fd) revision 6282270'; Using compiler version '192528614'; Build Type 'Release'
OS: 'Windows 10 Pro; OS build 19042.928; Version 2009; 64bit' Language: 'zh' Physical Memory: 8097 MB
BatchMode: 1, IsHumanControllingUs: 0, StartBugReporterOnCrash: 0, Is64bit: 1, IsPro: 0

 COMMAND LINE ARGUMENTS:
D:\U3D\2020.3.2f1c1\Editor\Unity.exe
-adb2
-batchMode
-noUpm
-name
AssetImportWorker1
-projectPath
D:/work/unity3d/FpsGameDemo/fps
-logFile
Logs/AssetImportWorker1.log
-srvPort
54263
Successfully changed project path to: D:/work/unity3d/FpsGameDemo/fps
D:/work/unity3d/FpsGameDemo/fps
Using Asset Import Pipeline V2.
Refreshing native plugins compatible for Editor in 146.20 ms, found 0 plugins.
Preloading 0 native plugins for Editor in 0.00 ms.
Initialize engine version: 2020.3.2f1c1 (5fdc1e83a2fd)
[Subsystems] Discovering subsystems at path D:/U3D/2020.3.2f1c1/Editor/Data/Resources/UnitySubsystems
[Subsystems] Discovering subsystems at path D:/work/unity3d/FpsGameDemo/fps/Assets
GfxDevice: creating device client; threaded=0
Direct3D:
    Version:  Direct3D 11.0 [level 11.1]
    Renderer: Intel(R) HD Graphics 5500 (ID=0x1616)
    Vendor:   
    VRAM:     4048 MB
    Driver:   20.19.15.4835
Initialize mono
Mono path[0] = 'D:/U3D/2020.3.2f1c1/Editor/Data/Managed'
Mono path[1] = 'D:/U3D/2020.3.2f1c1/Editor/Data/MonoBleedingEdge/lib/mono/unityjit'
Mono config path = 'D:/U3D/2020.3.2f1c1/Editor/Data/MonoBleedingEdge/etc'
Using monoOptions --debugger-agent=transport=dt_socket,embedding=1,server=y,suspend=n,address=127.0.0.1:56996
Begin MonoManager ReloadAssembly
Registering precompiled unity dll's ...
Register platform support module: D:/U3D/2020.3.2f1c1/Editor/Data/PlaybackEngines/WindowsStandaloneSupport/UnityEditor.WindowsStandalone.Extensions.dll
Registered in 0.004739 seconds.
Native extension for WindowsStandalone target not found
Refreshing native plugins compatible for Editor in 87.80 ms, found 0 plugins.
Preloading 0 native plugins for Editor in 0.00 ms.
Invoked RoslynAnalysisRunner static constructor.
RoslynAnalysisRunner will not be running.
RoslynAnalysisRunner has terminated.
Mono: successfully reloaded assembly
- Completed reload, in  5.201 seconds
Platform modules already initialized, skipping
Registering precompiled user dll's ...
Registered in 0.002623 seconds.
Begin MonoManager ReloadAssembly
Native extension for WindowsStandalone target not found
Refreshing native plugins compatible for Editor in 0.58 ms, found 0 plugins.
Preloading 0 native plugins for Editor in 0.00 ms.
Invoked RoslynAnalysisRunner static constructor.
RoslynAnalysisRunner will not be running.
RoslynAnalysisRunner has terminated.
Mono: successfully reloaded assembly
- Completed reload, in  2.086 seconds
Platform modules already initialized, skipping
========================================================================
Worker process is ready to serve import requests
Launched and connected shader compiler UnityShaderCompiler.exe after 0.45 seconds
Refreshing native plugins compatible for Editor in 4.05 ms, found 0 plugins.
Preloading 0 native plugins for Editor in 0.00 ms.
Unloading 1815 Unused Serialized files (Serialized files now loaded: 0)
System memory in use before: 163.4 MB.
System memory in use after: 163.4 MB.

Unloading 74 unused Assets to reduce memory usage. Loaded Objects now: 2257.
Total: 12.200500 ms (FindLiveObjects: 1.154100 ms CreateObjectMapping: 0.574200 ms MarkObjects: 9.080000 ms  DeleteObjects: 1.388600 ms)

========================================================================
Received Import Request.
  path: Assets/unity-chan!/Unity-chan! Model
  artifactKey: Guid(6395fe2434a22ef41b83186b290f8fab) Importer(815301076,1909f56bfc062723c751e8b465ee728b)
Start importing Assets/unity-chan!/Unity-chan! Model using Guid(6395fe2434a22ef41b83186b290f8fab) Importer(815301076,1909f56bfc062723c751e8b465ee728b)  -> (artifact id: '53dd152975220efd3879138b888ed2a7') in 0.041800 seconds
  Import took 0.054840 seconds .

========================================================================
Received Import Request.
  Time since last request: 0.000420 seconds.
  path: Assets/unity-chan!/Unity-chan! Model/Scenes
  artifactKey: Guid(f19d8ba5e85097445bfcd84b267e2cb0) Importer(815301076,1909f56bfc062723c751e8b465ee728b)
Start importing Assets/unity-chan!/Unity-chan! Model/Scenes using Guid(f19d8ba5e85097445bfcd84b267e2cb0) Importer(815301076,1909f56bfc062723c751e8b465ee728b)  -> (artifact id: 'a1ea93a7c9b7cac15f2bdf25c71def78') in 0.189182 seconds
  Import took 0.199800 seconds .

========================================================================
Received Prepare
Registering precompiled user dll's ...
Registered in 0.002102 seconds.
Begin MonoManager ReloadAssembly
Native extension for WindowsStandalone target not found
Refreshing native plugins compatible for Editor in 0.92 ms, found 0 plugins.
Preloading 0 native plugins for Editor in 0.00 ms.
Warning: Annotation not found!
UnityEngine.StackTraceUtility:ExtractStackTrace ()
UnityEditor.ProBuilder.EditorUtility:SetGizmoIconEnabled (System.Type,bool) (at Library/PackageCache/com.unity.probuilder@4.5.0/Editor/EditorCore/EditorUtility.cs:593)
UnityEditor.ProBuilder.HierarchyListener:.cctor () (at Library/PackageCache/com.unity.probuilder@4.5.0/Editor/EditorCore/HierarchyListener.cs:21)
System.Runtime.CompilerServices.RuntimeHelpers:RunClassConstructor (System.RuntimeTypeHandle)
UnityEditor.EditorAssemblies:ProcessInitializeOnLoadAttributes (System.Type[])

[Library/PackageCache/com.unity.probuilder@4.5.0/Editor/EditorCore/EditorUtility.cs line 593]

Invoked RoslynAnalysisRunner static constructor.
RoslynAnalysisRunner will not be running.
RoslynAnalysisRunner has terminated.
Mono: successfully reloaded assembly
- Completed reload, in  1.694 seconds
Platform modules already initialized, skipping
Switching build target platform(5) subTarget(0) extendedPlatform(0) -> platform(13) subTarget(589824) extendedPlatform(0)
Refreshing native plugins compatible for Editor in 2.17 ms, found 0 plugins.
Preloading 0 native plugins for Editor in 0.00 ms.
Unloading 1748 Unused Serialized files (Serialized files now loaded: 0)
System memory in use before: 157.5 MB.
System memory in use after: 157.6 MB.

Unloading 18 unused Assets to reduce memory usage. Loaded Objects now: 2248.
Total: 3.990700 ms (FindLiveObjects: 0.553600 ms CreateObjectMapping: 0.243500 ms MarkObjects: 3.100800 ms  DeleteObjects: 0.089700 ms)

AssetImportParameters requested are different than current active one (requested -> active):
  custom:graphics/normal-map-encoding: 01000000000000000000000000000000 -> 02000000000000000000000000000000
========================================================================
Received Prepare
Registering precompiled user dll's ...
Registered in 0.003489 seconds.
Begin MonoManager ReloadAssembly
Native extension for WindowsStandalone target not found
Refreshing native plugins compatible for Editor in 0.94 ms, found 0 plugins.
Preloading 0 native plugins for Editor in 0.00 ms.
Warning: Annotation not found!
UnityEngine.StackTraceUtility:ExtractStackTrace ()
UnityEditor.ProBuilder.EditorUtility:SetGizmoIconEnabled (System.Type,bool) (at Library/PackageCache/com.unity.probuilder@4.5.0/Editor/EditorCore/EditorUtility.cs:593)
UnityEditor.ProBuilder.HierarchyListener:.cctor () (at Library/PackageCache/com.unity.probuilder@4.5.0/Editor/EditorCore/HierarchyListener.cs:21)
System.Runtime.CompilerServices.RuntimeHelpers:RunClassConstructor (System.RuntimeTypeHandle)
UnityEditor.EditorAssemblies:ProcessInitializeOnLoadAttributes (System.Type[])

[Library/PackageCache/com.unity.probuilder@4.5.0/Editor/EditorCore/EditorUtility.cs line 593]

Invoked RoslynAnalysisRunner static constructor.
RoslynAnalysisRunner will not be running.
RoslynAnalysisRunner has terminated.
Mono: successfully reloaded assembly
- Completed reload, in  3.804 seconds
Platform modules already initialized, skipping
Switching build target platform(5) subTarget(0) extendedPlatform(0) -> platform(13) subTarget(589824) extendedPlatform(0)
Refreshing native plugins compatible for Editor in 0.84 ms, found 0 plugins.
Preloading 0 native plugins for Editor in 0.00 ms.
Unloading 1761 Unused Serialized files (Serialized files now loaded: 0)
System memory in use before: 157.8 MB.
System memory in use after: 157.9 MB.

Unloading 6 unused Assets to reduce memory usage. Loaded Objects now: 2263.
Total: 6.418900 ms (FindLiveObjects: 0.531500 ms CreateObjectMapping: 0.254400 ms MarkObjects: 5.509700 ms  DeleteObjects: 0.120300 ms)

AssetImportParameters requested are different than current active one (requested -> active):
  custom:graphics/normal-map-encoding: 01000000000000000000000000000000 -> 02000000000000000000000000000000
========================================================================
Received Import Request.
  Time since last request: 1502.749605 seconds.
  path: Assets/ModAssets/Models/NatureProps/FirTree.fbx
  artifactKey: Guid(5fc0e3d37ec294384aaa0b18e537ff86) Importer(815301076,1909f56bfc062723c751e8b465ee728b)
Start importing Assets/ModAssets/Models/NatureProps/FirTree.fbx using Guid(5fc0e3d37ec294384aaa0b18e537ff86) Importer(815301076,1909f56bfc062723c751e8b465ee728b)  -> (artifact id: 'ece336972be9a32a5d42fda66e5e93f4') in 1.405662 seconds
  Import took 1.411364 seconds .

========================================================================
Received Import Request.
  Time since last request: 3.835639 seconds.
  path: Assets/ModAssets/Models/NatureProps/PalmTree.fbx
  artifactKey: Guid(ae36130ee9b994114b35ece84c158fdc) Importer(815301076,1909f56bfc062723c751e8b465ee728b)
Start importing Assets/ModAssets/Models/NatureProps/PalmTree.fbx using Guid(ae36130ee9b994114b35ece84c158fdc) Importer(815301076,1909f56bfc062723c751e8b465ee728b)  -> (artifact id: '979297572dc4aeca5613962982700f96') in 0.075453 seconds
  Import took 0.083252 seconds .

========================================================================
Received Import Request.
  Time since last request: 1.148956 seconds.
  path: Assets/ModAssets/Models/NatureProps/FallenTree.fbx
  artifactKey: Guid(eaf3edd0ef88ac84c970b62f673ed6b0) Importer(815301076,1909f56bfc062723c751e8b465ee728b)
Start importing Assets/ModAssets/Models/NatureProps/FallenTree.fbx using Guid(eaf3edd0ef88ac84c970b62f673ed6b0) Importer(815301076,1909f56bfc062723c751e8b465ee728b)  -> (artifact id: '228de184ee06f870bf016c8e90e61860') in 0.044922 seconds
  Import took 0.052077 seconds .

========================================================================
Received Import Request.
  Time since last request: 3.739199 seconds.
  path: Assets/ExplosiveLLC/Demo Elements/Models/Stage/Tree.FBX
  artifactKey: Guid(22d0bef4cc44b0e448f77eabf8418ed5) Importer(815301076,1909f56bfc062723c751e8b465ee728b)
Start importing Assets/ExplosiveLLC/Demo Elements/Models/Stage/Tree.FBX using Guid(22d0bef4cc44b0e448f77eabf8418ed5) Importer(815301076,1909f56bfc062723c751e8b465ee728b)  -> (artifact id: 'f10cec7757c62e783bff3d75d176818b') in 0.049654 seconds
  Import took 0.056473 seconds .

========================================================================
Received Import Request.
  Time since last request: 5.130638 seconds.
  path: Assets/ExplosiveLLC/Demo Elements/Models/Stage/Tree-Stump.FBX
  artifactKey: Guid(48eea6c8f62257c4cab0e3b6efbe1e42) Importer(815301076,1909f56bfc062723c751e8b465ee728b)
Start importing Assets/ExplosiveLLC/Demo Elements/Models/Stage/Tree-Stump.FBX using Guid(48eea6c8f62257c4cab0e3b6efbe1e42) Importer(815301076,1909f56bfc062723c751e8b465ee728b)  -> (artifact id: '0da36bdbc89956ed796f8818f49d9a78') in 0.052719 seconds
  Import took 0.057628 seconds .

========================================================================
Received Import Request.
  Time since last request: 90.249410 seconds.
  path: Assets/ModAssets/Models/NatureProps/FlowerBush.fbx
  artifactKey: Guid(decf25da566de433cb1a874aa0e6dd00) Importer(815301076,1909f56bfc062723c751e8b465ee728b)
Start importing Assets/ModAssets/Models/NatureProps/FlowerBush.fbx using Guid(decf25da566de433cb1a874aa0e6dd00) Importer(815301076,1909f56bfc062723c751e8b465ee728b)  -> (artifact id: 'ee52c61b61aea29625812d199fb8c12f') in 0.051324 seconds
  Import took 0.058325 seconds .

========================================================================
Received Import Request.
  Time since last request: 0.383096 seconds.
  path: Assets/ModAssets/Models/NatureProps/Mushroom.fbx
  artifactKey: Guid(403205f95f9214aa7a1f003ae7bd2333) Importer(815301076,1909f56bfc062723c751e8b465ee728b)
Start importing Assets/ModAssets/Models/NatureProps/Mushroom.fbx using Guid(403205f95f9214aa7a1f003ae7bd2333) Importer(815301076,1909f56bfc062723c751e8b465ee728b)  -> (artifact id: '91426c029c58e4439a18aa8a685ce92e') in 0.055169 seconds
  Import took 0.061078 seconds .

========================================================================
Received Prepare
Registering precompiled user dll's ...
Registered in 0.001416 seconds.
Begin MonoManager ReloadAssembly
Native extension for WindowsStandalone target not found
Refreshing native plugins compatible for Editor in 1.24 ms, found 0 plugins.
Preloading 0 native plugins for Editor in 0.00 ms.
Warning: Annotation not found!
UnityEngine.StackTraceUtility:ExtractStackTrace ()
UnityEditor.ProBuilder.EditorUtility:SetGizmoIconEnabled (System.Type,bool) (at Library/PackageCache/com.unity.probuilder@4.5.0/Editor/EditorCore/EditorUtility.cs:593)
UnityEditor.ProBuilder.HierarchyListener:.cctor () (at Library/PackageCache/com.unity.probuilder@4.5.0/Editor/EditorCore/HierarchyListener.cs:21)
System.Runtime.CompilerServices.RuntimeHelpers:RunClassConstructor (System.RuntimeTypeHandle)
UnityEditor.EditorAssemblies:ProcessInitializeOnLoadAttributes (System.Type[])

[Library/PackageCache/com.unity.probuilder@4.5.0/Editor/EditorCore/EditorUtility.cs line 593]

Invoked RoslynAnalysisRunner static constructor.
RoslynAnalysisRunner will not be running.
RoslynAnalysisRunner has terminated.
Mono: successfully reloaded assembly
- Completed reload, in  1.563 seconds
Platform modules already initialized, skipping
Switching build target platform(5) subTarget(0) extendedPlatform(0) -> platform(13) subTarget(589824) extendedPlatform(0)
Refreshing native plugins compatible for Editor in 0.97 ms, found 0 plugins.
Preloading 0 native plugins for Editor in 0.00 ms.
Unloading 1892 Unused Serialized files (Serialized files now loaded: 0)
System memory in use before: 173.9 MB.
System memory in use after: 169.5 MB.

Unloading 28 unused Assets to reduce memory usage. Loaded Objects now: 2423.
Total: 13.313800 ms (FindLiveObjects: 5.427000 ms CreateObjectMapping: 0.227300 ms MarkObjects: 2.492300 ms  DeleteObjects: 5.164300 ms)

AssetImportParameters requested are different than current active one (requested -> active):
  custom:graphics/normal-map-encoding: 01000000000000000000000000000000 -> 02000000000000000000000000000000
